<?xml version="1.0" encoding="UTF-8"?>
<!-- Generated by org.testng.reporters.JUnitXMLReporter -->
<testsuite ignored="8" hostname="LTIN511287" failures="0" tests="27" name="Test" time="55.266" errors="0" timestamp="2024-04-06T13:14:04 IST">
  <testcase classname="testScenario.TestScenario_01_EnteringRequiredValuesInHomePage" name="enterRequiredValuesInHomePage" time="1.784"/>
  <testcase classname="testScenario.TestScenario_02_EMIPaymentTable2425" name="emiPaymentTable2425" time="1.274"/>
  <testcase classname="testScenario.TestScenario_02_EMIPaymentTable2425" name="YearTableInExcel" time="5.109"/>
  <testcase classname="testScenario.TestScenario_03_EMICalculatorPageUIChecks" name="ValidatingLoanAmountTextBoxAndSlider" time="1.327"/>
  <testcase classname="testScenario.TestScenario_03_EMICalculatorPageUIChecks" name="ScaleChangeForLoanAmountTextBoxAndSlider" time="2.218"/>
  <testcase classname="testScenario.TestScenario_03_EMICalculatorPageUIChecks" name="ValidatingInterestRateTextBoxAndSlider" time="0.714"/>
  <testcase classname="testScenario.TestScenario_03_EMICalculatorPageUIChecks" name="ScaleChangeForInterestRateTextBoxAndSlider" time="2.35"/>
  <testcase classname="testScenario.TestScenario_03_EMICalculatorPageUIChecks" name="ValidatingLoanTenureTextBoxAndSlider" time="0.717"/>
  <testcase classname="testScenario.TestScenario_03_EMICalculatorPageUIChecks" name="EMICalculator_ScaleChangeForLoanTenureTextBoxAndSlider" time="2.228"/>
  <testcase classname="testScenario.TestScenario_03_EMICalculatorPageUIChecks" name="ValidatingFeesAndChargesTextBoxAndSlider" time="0.721"/>
  <testcase classname="testScenario.TestScenario_03_EMICalculatorPageUIChecks" name="ScaleChangeForFeesAndChargesTextBoxAndSlider" time="2.305"/>
  <testcase classname="testScenario.TestScenario_03_EMICalculatorPageUIChecks" name="ValidationForYearAndMonthOption" time="0.69"/>
  <testcase classname="testScenario.TestScenario_04_LoanAmtCalculatorUIChecks" name="LoanAmtCalculator_ValidatingEMITextBoxAndSlider" time="1.329"/>
  <testcase classname="testScenario.TestScenario_04_LoanAmtCalculatorUIChecks" name="LoanAmtCalculator_ValidatingInterestRateTextBoxAndSlider" time="1.41"/>
  <testcase classname="testScenario.TestScenario_04_LoanAmtCalculatorUIChecks" name="LoanAmtCalculator_ScaleChangeForInterestRateTextBoxAndSlider" time="2.164"/>
  <testcase classname="testScenario.TestScenario_04_LoanAmtCalculatorUIChecks" name="validateLoanTenureTextBoxAndSlider" time="1.312"/>
  <testcase classname="testScenario.TestScenario_04_LoanAmtCalculatorUIChecks" name="validatingDataFlowBetweenLoanTenureSliderAndTextBox" time="2.069"/>
  <testcase classname="testScenario.TestScenario_04_LoanAmtCalculatorUIChecks" name="validateFeesAndChargesTextBoxAndSlider" time="1.776"/>
  <testcase classname="testScenario.TestScenario_04_LoanAmtCalculatorUIChecks" name="validatingDataFlowBetweenYearAndMonthButton" time="0.822"/>
  <testcase classname="testScenario.TestScenario_04_LoanAmtCalculatorUIChecks" name="validatingDataFlowBetweenFeesAndChargesSliderAndTextBox" time="2.134"/>
  <testcase classname="testScenario.TestScenario_05_LoanTenureUIChecks" name="validateDataFlowBetweenInterestRateSliderAndTextBox" time="1.852"/>
  <testcase classname="testScenario.TestScenario_05_LoanTenureUIChecks" name="validateFeesAndChargesTextBoxAndSlider" time="1.251"/>
  <testcase classname="testScenario.TestScenario_05_LoanTenureUIChecks" name="validateInterestRateTextBoxAndSlider" time="1.269"/>
  <testcase classname="testScenario.TestScenario_05_LoanTenureUIChecks" name="validateLoanAmountTextBoxAndSlider" time="1.389"/>
  <testcase classname="testScenario.TestScenario_05_LoanTenureUIChecks" name="validatingDataFlowBetweenFeesAndChargesSliderAndTextBox" time="1.422"/>
  <testcase classname="testScenario.TestScenario_05_LoanTenureUIChecks" name="validatingDataFlowBetweenLoanAmountSliderAndTextBox" time="2.109"/>
  <testcase classname="testScenario.TestScenario_05_LoanTenureUIChecks" name="validatingEMITextBoxAndSlider" time="0.624"/>
  <testcase classname="testBase.BaseClass" name="@BeforeTest setUp" time="0.0">
    <ignored/>
  </testcase> <!-- @BeforeTest setUp -->
  <testcase classname="testBase.BaseClass" name="@AfterTest tearDown" time="0.0">
    <ignored/>
  </testcase> <!-- @AfterTest tearDown -->
  <testcase classname="testBase.BaseClass" name="@AfterTest tearDown" time="0.0">
    <ignored/>
  </testcase> <!-- @AfterTest tearDown -->
  <testcase classname="testBase.BaseClass" name="@AfterTest tearDown" time="0.0">
    <ignored/>
  </testcase> <!-- @AfterTest tearDown -->
  <testcase classname="testBase.BaseClass" name="@BeforeTest setUp" time="0.0">
    <ignored/>
  </testcase> <!-- @BeforeTest setUp -->
  <testcase classname="testBase.BaseClass" name="@BeforeTest setUp" time="0.0">
    <ignored/>
  </testcase> <!-- @BeforeTest setUp -->
  <testcase classname="testBase.BaseClass" name="@AfterTest tearDown" time="0.0">
    <ignored/>
  </testcase> <!-- @AfterTest tearDown -->
  <testcase classname="testBase.BaseClass" name="@BeforeTest setUp" time="0.0">
    <ignored/>
  </testcase> <!-- @BeforeTest setUp -->
</testsuite> <!-- Test -->
